<?xml version="1.0" encoding="UTF-8"?>
<!-- Generated by org.testng.reporters.JUnitReportReporter -->
<testsuite hostname="saibolloju" failures="0" tests="1" name="RahulshettyWebsiteMain.ErrorValidationTest" time="9.384" errors="0" timestamp="2023-07-17T10:20:28 IST" skipped="0">
  <testcase classname="RahulshettyWebsiteMain.ErrorValidationTest" name="LoginErrorValidatonTest" time="9.384"/>
  <system-out/>
</testsuite> <!-- RahulshettyWebsiteMain.ErrorValidationTest -->
