<?xml version="1.0" encoding="UTF-8"?>
<!-- Generated by org.testng.reporters.JUnitReportReporter -->
<testsuite hostname="saibolloju" failures="0" tests="2" name="json.source" time="50.985" errors="0" timestamp="2023-07-11T15:23:32 IST" skipped="0">
  <testcase classname="json.source" name="test" time="23.733"/>
  <system-out/>
  <testcase classname="json.source" name="test" time="27.252"/>
  <system-out/>
</testsuite> <!-- json.source -->
