<?xml version="1.0" encoding="UTF-8"?>
<!-- Generated by org.testng.reporters.JUnitReportReporter -->
<testsuite hostname="saibolloju" failures="0" tests="1" name="RahulshettyWebsiteMain.test" time="5.385" errors="0" timestamp="2023-06-27T11:23:18 IST" skipped="0">
  <testcase classname="RahulshettyWebsiteMain.test" name="testing" time="5.385"/>
  <system-out/>
</testsuite> <!-- RahulshettyWebsiteMain.test -->
